#
# There is insufficient memory for the Java Runtime Environment to continue.
# Native memory allocation (malloc) failed to allocate 1047376 bytes for Chunk::new
# Possible reasons:
#   The system is out of physical RAM or swap space
#   The process is running with CompressedOops enabled, and the Java Heap may be blocking the growth of the native heap
# Possible solutions:
#   Reduce memory load on the system
#   Increase physical memory or swap space
#   Check if swap backing store is full
#   Decrease Java heap size (-Xmx/-Xms)
#   Decrease number of Java threads
#   Decrease Java thread stack sizes (-Xss)
#   Set larger code cache with -XX:ReservedCodeCacheSize=
#   JVM is running with Unscaled Compressed Oops mode in which the Java heap is
#     placed in the first 4GB address space. The Java Heap base address is the
#     maximum limit for the native heap growth. Please use -XX:HeapBaseMinAddress
#     to set the Java Heap base and to place the Java Heap above 4GB virtual address.
# This output file may be truncated or incomplete.
#
#  Out of Memory Error (allocation.cpp:389), pid=10796, tid=0x0000000000003bcc
#
# JRE version: Java(TM) SE Runtime Environment (8.0_251-b08) (build 1.8.0_251-b08)
# Java VM: Java HotSpot(TM) 64-Bit Server VM (25.251-b08 mixed mode windows-amd64 compressed oops)
# Failed to write core dump. Minidumps are not enabled by default on client versions of Windows
#

---------------  T H R E A D  ---------------

Current thread (0x0000000017d1d000):  JavaThread "C2 CompilerThread1" daemon [_thread_in_native, id=15308, stack(0x0000000019490000,0x0000000019590000)]

Stack: [0x0000000019490000,0x0000000019590000]
[error occurred during error reporting (printing stack bounds), id 0xc0000005]

Native frames: (J=compiled Java code, j=interpreted, Vv=VM code, C=native code)


Current CompileTask:
C2:  36953 4663       4       java.net.URLClassLoader$1::run (5 bytes)


---------------  P R O C E S S  ---------------

Java Threads: ( => current thread )
  0x0000000020332000 JavaThread "DestroyJavaVM" [_thread_blocked, id=14252, stack(0x0000000002f10000,0x0000000003010000)]
  0x0000000020339000 JavaThread "http-nio-8081-Acceptor" daemon [_thread_in_native, id=13256, stack(0x0000000023240000,0x0000000023340000)]
  0x0000000020338000 JavaThread "http-nio-8081-Poller" daemon [_thread_in_native, id=10440, stack(0x0000000023140000,0x0000000023240000)]
  0x0000000020333800 JavaThread "http-nio-8081-exec-10" daemon [_thread_blocked, id=15688, stack(0x0000000022f40000,0x0000000023040000)]
  0x0000000020331800 JavaThread "http-nio-8081-exec-9" daemon [_thread_blocked, id=11544, stack(0x0000000022e40000,0x0000000022f40000)]
  0x0000000020336000 JavaThread "http-nio-8081-exec-8" daemon [_thread_blocked, id=14156, stack(0x0000000022d40000,0x0000000022e40000)]
  0x000000001afb9800 JavaThread "http-nio-8081-exec-7" daemon [_thread_blocked, id=12548, stack(0x0000000022c40000,0x0000000022d40000)]
  0x000000001afbb000 JavaThread "http-nio-8081-exec-6" daemon [_thread_blocked, id=9132, stack(0x0000000022b40000,0x0000000022c40000)]
  0x000000001afba800 JavaThread "http-nio-8081-exec-5" daemon [_thread_blocked, id=3492, stack(0x0000000022a40000,0x0000000022b40000)]
  0x000000001afb6800 JavaThread "http-nio-8081-exec-4" daemon [_thread_in_vm, id=11288, stack(0x0000000022940000,0x0000000022a40000)]
  0x000000001afb9000 JavaThread "http-nio-8081-exec-3" daemon [_thread_blocked, id=9668, stack(0x0000000022840000,0x0000000022940000)]
  0x000000001afbc800 JavaThread "http-nio-8081-exec-2" daemon [_thread_blocked, id=9276, stack(0x0000000022740000,0x0000000022840000)]
  0x000000001afb8000 JavaThread "http-nio-8081-exec-1" daemon [_thread_blocked, id=4992, stack(0x0000000022640000,0x0000000022740000)]
  0x000000001afbc000 JavaThread "HikariPool-1 housekeeper" daemon [_thread_blocked, id=15080, stack(0x0000000021640000,0x0000000021740000)]
  0x0000000019935000 JavaThread "container-0" [_thread_blocked, id=13440, stack(0x000000001fe70000,0x000000001ff70000)]
  0x000000001d159000 JavaThread "Catalina-utility-2" [_thread_blocked, id=13180, stack(0x000000001fd70000,0x000000001fe70000)]
  0x000000001ab33800 JavaThread "Catalina-utility-1" [_thread_blocked, id=6656, stack(0x000000001bd00000,0x000000001be00000)]
  0x00000000196d0000 JavaThread "Service Thread" daemon [_thread_blocked, id=9204, stack(0x0000000019a90000,0x0000000019b90000)]
  0x0000000017d21800 JavaThread "C1 CompilerThread2" daemon [_thread_blocked, id=9504, stack(0x0000000019590000,0x0000000019690000)]
=>0x0000000017d1d000 JavaThread "C2 CompilerThread1" daemon [_thread_in_native, id=15308, stack(0x0000000019490000,0x0000000019590000)]
  0x0000000017d07800 JavaThread "C2 CompilerThread0" daemon [_thread_in_native, id=11192, stack(0x0000000019390000,0x0000000019490000)]
  0x0000000017d04800 JavaThread "Attach Listener" daemon [_thread_blocked, id=11980, stack(0x0000000019290000,0x0000000019390000)]
  0x0000000017d03000 JavaThread "Signal Dispatcher" daemon [_thread_blocked, id=14904, stack(0x0000000019190000,0x0000000019290000)]
  0x00000000031ae800 JavaThread "Finalizer" daemon [_thread_blocked, id=1888, stack(0x0000000018f70000,0x0000000019070000)]
  0x00000000031a5000 JavaThread "Reference Handler" daemon [_thread_blocked, id=1128, stack(0x0000000018e70000,0x0000000018f70000)]

Other Threads:
  0x0000000017cc7800 VMThread [stack: 0x0000000018d70000,0x0000000018e70000] [id=2504]
  0x00000000196f2000 WatcherThread [stack: 0x0000000019b90000,0x0000000019c90000] [id=16112]

VM state:not at safepoint (normal execution)

VM Mutex/Monitor currently owned by a thread:  ([mutex/lock_event])
[0x00000000030b2250] SystemDictionary_lock - owner thread: 0x000000001afb6800

heap address: 0x0000000081800000, size: 2024 MB, Compressed Oops mode: 32-bit
Narrow klass base: 0x0000000000000000, Narrow klass shift: 3
Compressed class space size: 1073741824 Address: 0x0000000100000000

Heap:
 PSYoungGen      total 189440K, used 5264K [0x00000000d5d80000, 0x00000000e5c80000, 0x0000000100000000)
  eden space 173568K, 3% used [0x00000000d5d80000,0x00000000d62a4290,0x00000000e0700000)
  from space 15872K, 0% used [0x00000000e0700000,0x00000000e0700000,0x00000000e1680000)
  to   space 17408K, 0% used [0x00000000e4b80000,0x00000000e4b80000,0x00000000e5c80000)
 ParOldGen       total 105472K, used 22506K [0x0000000081800000, 0x0000000087f00000, 0x00000000d5d80000)
  object space 105472K, 21% used [0x0000000081800000,0x0000000082dfa998,0x0000000087f00000)
 Metaspace       used 56049K, capacity 59420K, committed 59608K, reserved 1099776K
  class space    used 7770K, capacity 8340K, committed 8448K, reserved 1048576K

Card table byte_map: [0x0000000012570000,0x0000000012970000] byte_map_base: 0x0000000012164000

Marking Bits: (ParMarkBitMap*) 0x00000000779daf90
 Begin Bits: [0x0000000013020000, 0x0000000014fc0000)
 End Bits:   [0x0000000014fc0000, 0x0000000016f60000)

Polling page: 0x0000000001350000

CodeCache: size=245760Kb used=13923Kb max_used=14862Kb free=231836Kb
 bounds [0x00000000031b0000, 0x0000000004060000, 0x00000000121b0000]
 total_blobs=4472 nmethods=3970 adapters=414
 compilation: enabled

Compilation events (10 events):
Event: 36.704 Thread 0x0000000017d07800 4661   !   4       java.net.URL::<init> (543 bytes)
Event: 36.726 Thread 0x0000000017d21800 4662       3       java.util.Locale::getVariant (8 bytes)
Event: 36.726 Thread 0x0000000017d21800 nmethod 4662 0x00000000034b5ad0 code [0x00000000034b5c20, 0x00000000034b5e10]
Event: 36.737 Thread 0x0000000017d1d000 4663       4       java.net.URLClassLoader$1::run (5 bytes)
Event: 36.818 Thread 0x0000000017d21800 4667       1       antlr.CommonAST::getType (5 bytes)
Event: 36.818 Thread 0x0000000017d21800 nmethod 4667 0x0000000003388c50 code [0x0000000003388da0, 0x0000000003388eb0]
Event: 36.827 Thread 0x0000000017d21800 4668       3       java.net.URLClassLoader::access$100 (7 bytes)
Event: 36.827 Thread 0x0000000017d21800 nmethod 4668 0x0000000003571b50 code [0x0000000003571cc0, 0x0000000003571e28]
Event: 36.863 Thread 0x0000000017d21800 4669       1       org.hibernate.internal.SessionFactoryImpl::getSessionFactoryOptions (5 bytes)
Event: 36.864 Thread 0x0000000017d21800 nmethod 4669 0x0000000003635d90 code [0x0000000003635ee0, 0x0000000003635ff0]

GC Heap History (10 events):
Event: 10.817 GC heap before
{Heap before GC invocations=8 (full 1):
 PSYoungGen      total 118784K, used 118363K [0x00000000d5d80000, 0x00000000df000000, 0x0000000100000000)
  eden space 110592K, 100% used [0x00000000d5d80000,0x00000000dc980000,0x00000000dc980000)
  from space 8192K, 94% used [0x00000000de800000,0x00000000def96e08,0x00000000df000000)
  to   space 9216K, 0% used [0x00000000dde00000,0x00000000dde00000,0x00000000de700000)
 ParOldGen       total 54272K, used 6891K [0x0000000081800000, 0x0000000084d00000, 0x00000000d5d80000)
  object space 54272K, 12% used [0x0000000081800000,0x0000000081ebafd8,0x0000000084d00000)
 Metaspace       used 33229K, capacity 35286K, committed 35416K, reserved 1079296K
  class space    used 4387K, capacity 4735K, committed 4736K, reserved 1048576K
Event: 10.839 GC heap after
Heap after GC invocations=8 (full 1):
 PSYoungGen      total 140800K, used 9200K [0x00000000d5d80000, 0x00000000e2200000, 0x0000000100000000)
  eden space 131584K, 0% used [0x00000000d5d80000,0x00000000d5d80000,0x00000000dde00000)
  from space 9216K, 99% used [0x00000000dde00000,0x00000000de6fc370,0x00000000de700000)
  to   space 11776K, 0% used [0x00000000e1680000,0x00000000e1680000,0x00000000e2200000)
 ParOldGen       total 54272K, used 9697K [0x0000000081800000, 0x0000000084d00000, 0x00000000d5d80000)
  object space 54272K, 17% used [0x0000000081800000,0x0000000082178548,0x0000000084d00000)
 Metaspace       used 33229K, capacity 35286K, committed 35416K, reserved 1079296K
  class space    used 4387K, capacity 4735K, committed 4736K, reserved 1048576K
}
Event: 10.839 GC heap before
{Heap before GC invocations=9 (full 2):
 PSYoungGen      total 140800K, used 9200K [0x00000000d5d80000, 0x00000000e2200000, 0x0000000100000000)
  eden space 131584K, 0% used [0x00000000d5d80000,0x00000000d5d80000,0x00000000dde00000)
  from space 9216K, 99% used [0x00000000dde00000,0x00000000de6fc370,0x00000000de700000)
  to   space 11776K, 0% used [0x00000000e1680000,0x00000000e1680000,0x00000000e2200000)
 ParOldGen       total 54272K, used 9697K [0x0000000081800000, 0x0000000084d00000, 0x00000000d5d80000)
  object space 54272K, 17% used [0x0000000081800000,0x0000000082178548,0x0000000084d00000)
 Metaspace       used 33229K, capacity 35286K, committed 35416K, reserved 1079296K
  class space    used 4387K, capacity 4735K, committed 4736K, reserved 1048576K
Event: 10.934 GC heap after
Heap after GC invocations=9 (full 2):
 PSYoungGen      total 140800K, used 0K [0x00000000d5d80000, 0x00000000e2200000, 0x0000000100000000)
  eden space 131584K, 0% used [0x00000000d5d80000,0x00000000d5d80000,0x00000000dde00000)
  from space 9216K, 0% used [0x00000000dde00000,0x00000000dde00000,0x00000000de700000)
  to   space 11776K, 0% used [0x00000000e1680000,0x00000000e1680000,0x00000000e2200000)
 ParOldGen       total 80896K, used 16416K [0x0000000081800000, 0x0000000086700000, 0x00000000d5d80000)
  object space 80896K, 20% used [0x0000000081800000,0x00000000828083b0,0x0000000086700000)
 Metaspace       used 33229K, capacity 35286K, committed 35416K, reserved 1079296K
  class space    used 4387K, capacity 4735K, committed 4736K, reserved 1048576K
}
Event: 29.589 GC heap before
{Heap before GC invocations=10 (full 2):
 PSYoungGen      total 140800K, used 131584K [0x00000000d5d80000, 0x00000000e2200000, 0x0000000100000000)
  eden space 131584K, 100% used [0x00000000d5d80000,0x00000000dde00000,0x00000000dde00000)
  from space 9216K, 0% used [0x00000000dde00000,0x00000000dde00000,0x00000000de700000)
  to   space 11776K, 0% used [0x00000000e1680000,0x00000000e1680000,0x00000000e2200000)
 ParOldGen       total 80896K, used 16416K [0x0000000081800000, 0x0000000086700000, 0x00000000d5d80000)
  object space 80896K, 20% used [0x0000000081800000,0x00000000828083b0,0x0000000086700000)
 Metaspace       used 49637K, capacity 52450K, committed 52696K, reserved 1095680K
  class space    used 6877K, capacity 7331K, committed 7424K, reserved 1048576K
Event: 29.661 GC heap after
Heap after GC invocations=10 (full 2):
 PSYoungGen      total 185344K, used 11767K [0x00000000d5d80000, 0x00000000e4500000, 0x0000000100000000)
  eden space 173568K, 0% used [0x00000000d5d80000,0x00000000d5d80000,0x00000000e0700000)
  from space 11776K, 99% used [0x00000000e1680000,0x00000000e21fde28,0x00000000e2200000)
  to   space 15872K, 0% used [0x00000000e0700000,0x00000000e0700000,0x00000000e1680000)
 ParOldGen       total 80896K, used 22747K [0x0000000081800000, 0x0000000086700000, 0x00000000d5d80000)
  object space 80896K, 28% used [0x0000000081800000,0x0000000082e36d50,0x0000000086700000)
 Metaspace       used 49637K, capacity 52450K, committed 52696K, reserved 1095680K
  class space    used 6877K, capacity 7331K, committed 7424K, reserved 1048576K
}
Event: 36.453 GC heap before
{Heap before GC invocations=11 (full 2):
 PSYoungGen      total 185344K, used 90128K [0x00000000d5d80000, 0x00000000e4500000, 0x0000000100000000)
  eden space 173568K, 45% used [0x00000000d5d80000,0x00000000daa06220,0x00000000e0700000)
  from space 11776K, 99% used [0x00000000e1680000,0x00000000e21fde28,0x00000000e2200000)
  to   space 15872K, 0% used [0x00000000e0700000,0x00000000e0700000,0x00000000e1680000)
 ParOldGen       total 80896K, used 22747K [0x0000000081800000, 0x0000000086700000, 0x00000000d5d80000)
  object space 80896K, 28% used [0x0000000081800000,0x0000000082e36d50,0x0000000086700000)
 Metaspace       used 55539K, capacity 58876K, committed 58968K, reserved 1099776K
  class space    used 7682K, capacity 8244K, committed 8320K, reserved 1048576K
Event: 36.475 GC heap after
Heap after GC invocations=11 (full 2):
 PSYoungGen      total 189440K, used 13601K [0x00000000d5d80000, 0x00000000e5c80000, 0x0000000100000000)
  eden space 173568K, 0% used [0x00000000d5d80000,0x00000000d5d80000,0x00000000e0700000)
  from space 15872K, 85% used [0x00000000e0700000,0x00000000e1448750,0x00000000e1680000)
  to   space 17408K, 0% used [0x00000000e4b80000,0x00000000e4b80000,0x00000000e5c80000)
 ParOldGen       total 80896K, used 22755K [0x0000000081800000, 0x0000000086700000, 0x00000000d5d80000)
  object space 80896K, 28% used [0x0000000081800000,0x0000000082e38d50,0x0000000086700000)
 Metaspace       used 55539K, capacity 58876K, committed 58968K, reserved 1099776K
  class space    used 7682K, capacity 8244K, committed 8320K, reserved 1048576K
}
Event: 36.475 GC heap before
{Heap before GC invocations=12 (full 3):
 PSYoungGen      total 189440K, used 13601K [0x00000000d5d80000, 0x00000000e5c80000, 0x0000000100000000)
  eden space 173568K, 0% used [0x00000000d5d80000,0x00000000d5d80000,0x00000000e0700000)
  from space 15872K, 85% used [0x00000000e0700000,0x00000000e1448750,0x00000000e1680000)
  to   space 17408K, 0% used [0x00000000e4b80000,0x00000000e4b80000,0x00000000e5c80000)
 ParOldGen       total 80896K, used 22755K [0x0000000081800000, 0x0000000086700000, 0x00000000d5d80000)
  object space 80896K, 28% used [0x0000000081800000,0x0000000082e38d50,0x0000000086700000)
 Metaspace       used 55539K, capacity 58876K, committed 58968K, reserved 1099776K
  class space    used 7682K, capacity 8244K, committed 8320K, reserved 1048576K
Event: 36.664 GC heap after
Heap after GC invocations=12 (full 3):
 PSYoungGen      total 189440K, used 0K [0x00000000d5d80000, 0x00000000e5c80000, 0x0000000100000000)
  eden space 173568K, 0% used [0x00000000d5d80000,0x00000000d5d80000,0x00000000e0700000)
  from space 15872K, 0% used [0x00000000e0700000,0x00000000e0700000,0x00000000e1680000)
  to   space 17408K, 0% used [0x00000000e4b80000,0x00000000e4b80000,0x00000000e5c80000)
 ParOldGen       total 105472K, used 22506K [0x0000000081800000, 0x0000000087f00000, 0x00000000d5d80000)
  object space 105472K, 21% used [0x0000000081800000,0x0000000082dfa998,0x0000000087f00000)
 Metaspace       used 55539K, capacity 58876K, committed 58968K, reserved 1099776K
  class space    used 7682K, capacity 8244K, committed 8320K, reserved 1048576K
}

Deoptimization events (10 events):
Event: 32.512 Thread 0x00000000030b5000 Uncommon trap: reason=class_check action=maybe_recompile pc=0x000000000353ed44 method=org.springframework.boot.context.properties.source.ConfigurationPropertyName$Elements.charAt(II)C @ 43
Event: 32.714 Thread 0x00000000030b5000 Uncommon trap: reason=speculate_class_check action=maybe_recompile pc=0x0000000003e31cec method=java.util.stream.AbstractPipeline.spliterator()Ljava/util/Spliterator; @ 112
Event: 34.795 Thread 0x000000001afb8000 Uncommon trap: reason=unstable_if action=reinterpret pc=0x0000000003d85f88 method=java.lang.Class.arrayContentsEq([Ljava/lang/Object;[Ljava/lang/Object;)Z @ 1
Event: 36.296 Thread 0x000000001afb6800 Uncommon trap: reason=unstable_if action=reinterpret pc=0x0000000003c8bba4 method=java.util.StringTokenizer.scanToken(I)I @ 96
Event: 36.406 Thread 0x000000001afb6800 Uncommon trap: reason=bimorphic action=maybe_recompile pc=0x0000000003518898 method=java.util.Hashtable.get(Ljava/lang/Object;)Ljava/lang/Object; @ 45
Event: 36.413 Thread 0x000000001afb6800 Uncommon trap: reason=bimorphic action=maybe_recompile pc=0x0000000003518898 method=java.util.Hashtable.get(Ljava/lang/Object;)Ljava/lang/Object; @ 45
Event: 36.414 Thread 0x000000001afb6800 Uncommon trap: reason=bimorphic action=maybe_recompile pc=0x0000000003518898 method=java.util.Hashtable.get(Ljava/lang/Object;)Ljava/lang/Object; @ 45
Event: 36.414 Thread 0x000000001afb6800 Uncommon trap: reason=bimorphic action=maybe_recompile pc=0x0000000003518898 method=java.util.Hashtable.get(Ljava/lang/Object;)Ljava/lang/Object; @ 45
Event: 36.416 Thread 0x000000001afb6800 Uncommon trap: reason=unstable_if action=reinterpret pc=0x00000000032d3ac0 method=java.lang.CharacterData.of(I)Ljava/lang/CharacterData; @ 4
Event: 36.664 Thread 0x00000000031a5000 Uncommon trap: reason=unstable_if action=reinterpret pc=0x0000000003aed278 method=java.lang.ref.Reference.tryHandlePending(Z)Z @ 20

Classes redefined (0 events):
No events

Internal exceptions (10 events):
Event: 30.009 Thread 0x00000000030b5000 Exception <a 'java/lang/ClassNotFoundException': org/springframework/beans/factory/AwareCustomizer> (0x00000000d630cfc8) thrown at [C:\jenkins\workspace\8-2-build-windows-amd64-cygwin\jdk8u251\737\hotspot\src\share\vm\classfile\systemDictionary.cpp, line 
Event: 30.009 Thread 0x00000000030b5000 Exception <a 'java/lang/ClassNotFoundException': org/springframework/beans/factory/BeanClassLoaderAwareCustomizer> (0x00000000d6321468) thrown at [C:\jenkins\workspace\8-2-build-windows-amd64-cygwin\jdk8u251\737\hotspot\src\share\vm\classfile\systemDictio
Event: 30.010 Thread 0x00000000030b5000 Exception <a 'java/lang/ClassNotFoundException': org/springframework/beans/factory/AwareCustomizer> (0x00000000d6333390) thrown at [C:\jenkins\workspace\8-2-build-windows-amd64-cygwin\jdk8u251\737\hotspot\src\share\vm\classfile\systemDictionary.cpp, line 
Event: 30.210 Thread 0x00000000030b5000 Implicit null exception at 0x0000000003789d3d to 0x0000000003789df3
Event: 30.525 Thread 0x00000000030b5000 Exception <a 'java/lang/ClassNotFoundException': java/lang/ObjectCustomizer> (0x00000000d72f1de0) thrown at [C:\jenkins\workspace\8-2-build-windows-amd64-cygwin\jdk8u251\737\hotspot\src\share\vm\classfile\systemDictionary.cpp, line 210]
Event: 30.528 Thread 0x00000000030b5000 Exception <a 'java/lang/ClassNotFoundException': org/springframework/security/config/annotation/web/configuration/HttpSecurityConfigurationCustomizer> (0x00000000d7311938) thrown at [C:\jenkins\workspace\8-2-build-windows-amd64-cygwin\jdk8u251\737\hotspot
Event: 30.535 Thread 0x00000000030b5000 Exception <a 'java/lang/NoSuchMethodError': java.lang.Object.lambda$byAnnotation$0(Ljava/lang/Class;Ljava/lang/Class;)Z> (0x00000000d7326860) thrown at [C:\jenkins\workspace\8-2-build-windows-amd64-cygwin\jdk8u251\737\hotspot\src\share\vm\interpreter\link
Event: 32.357 Thread 0x00000000030b5000 Exception <a 'java/lang/IncompatibleClassChangeError': Found class java.lang.Object, but interface was expected> (0x00000000d8b9a218) thrown at [C:\jenkins\workspace\8-2-build-windows-amd64-cygwin\jdk8u251\737\hotspot\src\share\vm\interpreter\linkResolver
Event: 34.795 Thread 0x000000001afb8000 Implicit null exception at 0x0000000003d81ba3 to 0x0000000003d85f19
Event: 34.796 Thread 0x000000001afb8000 Exception <a 'java/lang/IllegalArgumentException': object is not an instance of declaring class> (0x00000000da36ad88) thrown at [C:\jenkins\workspace\8-2-build-windows-amd64-cygwin\jdk8u251\737\hotspot\src\share\vm\runtime\reflection.cpp, line 926]

Events (10 events):
Event: 36.898 loading class org/hibernate/query/spi/ScrollableResultsImplementor
Event: 36.898 loading class org/hibernate/query/spi/ScrollableResultsImplementor done
Event: 36.904 loading class org/hibernate/hql/spi/ParameterInformation
Event: 36.904 loading class org/hibernate/hql/spi/ParameterInformation done
Event: 36.905 loading class org/hibernate/internal/CoreMessageLogger_$logger_pt_BR
Event: 36.905 loading class org/hibernate/internal/CoreMessageLogger_$logger_pt_BR done
Event: 36.905 loading class org/hibernate/internal/CoreMessageLogger_$logger_pt
Event: 36.905 loading class org/hibernate/internal/CoreMessageLogger_$logger_pt done
Event: 36.905 Executing VM operation: RevokeBias
Event: 36.905 Executing VM operation: RevokeBias done


Dynamic libraries:
0x00007ff704750000 - 0x00007ff704787000 	C:\Program Files\Java\jdk1.8.0_251\bin\javaw.exe
0x00007ffde34b0000 - 0x00007ffde36a5000 	C:\WINDOWS\SYSTEM32\ntdll.dll
0x00007ffde2a30000 - 0x00007ffde2aee000 	C:\WINDOWS\System32\KERNEL32.DLL
0x00007ffde1220000 - 0x00007ffde14e8000 	C:\WINDOWS\System32\KERNELBASE.dll
0x00007ffde2500000 - 0x00007ffde25ac000 	C:\WINDOWS\System32\ADVAPI32.dll
0x00007ffde3080000 - 0x00007ffde311e000 	C:\WINDOWS\System32\msvcrt.dll
0x00007ffde2f70000 - 0x00007ffde300b000 	C:\WINDOWS\System32\sechost.dll
0x00007ffde2d30000 - 0x00007ffde2e5a000 	C:\WINDOWS\System32\RPCRT4.dll
0x00007ffde3240000 - 0x00007ffde33e1000 	C:\WINDOWS\System32\USER32.dll
0x00007ffde0cb0000 - 0x00007ffde0cd2000 	C:\WINDOWS\System32\win32u.dll
0x00007ffde2c20000 - 0x00007ffde2c4b000 	C:\WINDOWS\System32\GDI32.dll
0x00007ffde1010000 - 0x00007ffde111d000 	C:\WINDOWS\System32\gdi32full.dll
0x00007ffde0ce0000 - 0x00007ffde0d7d000 	C:\WINDOWS\System32\msvcp_win.dll
0x00007ffde0db0000 - 0x00007ffde0eb0000 	C:\WINDOWS\System32\ucrtbase.dll
0x00007ffdd2780000 - 0x00007ffdd2a1a000 	C:\WINDOWS\WinSxS\amd64_microsoft.windows.common-controls_6595b64144ccf1df_6.0.19041.1110_none_60b5254171f9507e\COMCTL32.dll
0x00007ffde2b60000 - 0x00007ffde2b90000 	C:\WINDOWS\System32\IMM32.DLL
0x0000000050630000 - 0x0000000050702000 	C:\Program Files\Java\jdk1.8.0_251\jre\bin\msvcr100.dll
0x00000000771b0000 - 0x0000000077a5b000 	C:\Program Files\Java\jdk1.8.0_251\jre\bin\server\jvm.dll
0x00007ffde2290000 - 0x00007ffde2298000 	C:\WINDOWS\System32\PSAPI.DLL
0x00007ffdd7c10000 - 0x00007ffdd7c37000 	C:\WINDOWS\SYSTEM32\WINMM.dll
0x00007ffdd3b00000 - 0x00007ffdd3b0a000 	C:\WINDOWS\SYSTEM32\VERSION.dll
0x00007ffdd0560000 - 0x00007ffdd0569000 	C:\WINDOWS\SYSTEM32\WSOCK32.dll
0x00007ffde1850000 - 0x00007ffde18bb000 	C:\WINDOWS\System32\WS2_32.dll
0x00007ffddc700000 - 0x00007ffddc70f000 	C:\Program Files\Java\jdk1.8.0_251\jre\bin\verify.dll
0x00007ffddc6d0000 - 0x00007ffddc6f9000 	C:\Program Files\Java\jdk1.8.0_251\jre\bin\java.dll
0x00007ffdd9d90000 - 0x00007ffdd9da6000 	C:\Program Files\Java\jdk1.8.0_251\jre\bin\zip.dll
0x00007ffde1b40000 - 0x00007ffde2284000 	C:\WINDOWS\System32\SHELL32.dll
0x00007ffddecb0000 - 0x00007ffddf444000 	C:\WINDOWS\SYSTEM32\windows.storage.dll
0x00007ffde14f0000 - 0x00007ffde1845000 	C:\WINDOWS\System32\combase.dll
0x00007ffde0610000 - 0x00007ffde063e000 	C:\WINDOWS\SYSTEM32\Wldp.dll
0x00007ffde2e60000 - 0x00007ffde2f0d000 	C:\WINDOWS\System32\SHCORE.dll
0x00007ffde3020000 - 0x00007ffde3075000 	C:\WINDOWS\System32\shlwapi.dll
0x00007ffde0b00000 - 0x00007ffde0b1f000 	C:\WINDOWS\SYSTEM32\profapi.dll
0x00007ffddc6c0000 - 0x00007ffddc6cd000 	C:\Program Files\Java\jdk1.8.0_251\jre\bin\management.dll
0x00007ffdd44b0000 - 0x00007ffdd44ca000 	C:\Program Files\Java\jdk1.8.0_251\jre\bin\net.dll
0x00007ffde0300000 - 0x00007ffde036a000 	C:\WINDOWS\system32\mswsock.dll
0x00007ffdd0570000 - 0x00007ffdd0587000 	C:\WINDOWS\system32\napinsp.dll
0x00007ffdd0030000 - 0x00007ffdd004b000 	C:\WINDOWS\system32\pnrpnsp.dll
0x00007ffdcffc0000 - 0x00007ffdcffd5000 	C:\WINDOWS\system32\wshbth.dll
0x00007ffddc5e0000 - 0x00007ffddc5fd000 	C:\WINDOWS\system32\NLAapi.dll
0x00007ffddfff0000 - 0x00007ffde002b000 	C:\WINDOWS\SYSTEM32\IPHLPAPI.DLL
0x00007ffde0030000 - 0x00007ffde00fb000 	C:\WINDOWS\SYSTEM32\DNSAPI.dll
0x00007ffde3010000 - 0x00007ffde3018000 	C:\WINDOWS\System32\NSI.dll
0x00007ffdcffa0000 - 0x00007ffdcffb2000 	C:\WINDOWS\System32\winrnr.dll
0x00007ffdd6890000 - 0x00007ffdd689a000 	C:\Windows\System32\rasadhlp.dll
0x00007ffdd6ea0000 - 0x00007ffdd6f1f000 	C:\WINDOWS\System32\fwpuclnt.dll
0x00007ffde0d80000 - 0x00007ffde0da7000 	C:\WINDOWS\System32\bcrypt.dll
0x00007ffdd4390000 - 0x00007ffdd43a2000 	C:\Program Files\Java\jdk1.8.0_251\jre\bin\nio.dll
0x00007ffde04f0000 - 0x00007ffde0508000 	C:\WINDOWS\SYSTEM32\CRYPTSP.dll
0x00007ffddfc80000 - 0x00007ffddfcb4000 	C:\WINDOWS\system32\rsaenh.dll
0x00007ffde0ac0000 - 0x00007ffde0aee000 	C:\WINDOWS\SYSTEM32\USERENV.dll
0x00007ffde0bc0000 - 0x00007ffde0c42000 	C:\WINDOWS\System32\bcryptprimitives.dll
0x00007ffde0580000 - 0x00007ffde058c000 	C:\WINDOWS\SYSTEM32\CRYPTBASE.dll
0x00007ffdd9050000 - 0x00007ffdd9067000 	C:\WINDOWS\SYSTEM32\dhcpcsvc6.DLL
0x00007ffdd9120000 - 0x00007ffdd913d000 	C:\WINDOWS\SYSTEM32\dhcpcsvc.DLL

VM Arguments:
jvm_args: -Dfile.encoding=UTF-8 
java_command: com.contactura.contactura.ContacturaApplication
java_class_path (initial): C:\Users\AnaKarolyne\Desktop\fuctura\contactura-neurotech\backend\target\classes;C:\Users\AnaKarolyne\.m2\repository\org\springframework\boot\spring-boot-starter-data-jpa\2.4.9\spring-boot-starter-data-jpa-2.4.9.jar;C:\Users\AnaKarolyne\.m2\repository\org\springframework\boot\spring-boot-starter-aop\2.4.9\spring-boot-starter-aop-2.4.9.jar;C:\Users\AnaKarolyne\.m2\repository\org\aspectj\aspectjweaver\1.9.7\aspectjweaver-1.9.7.jar;C:\Users\AnaKarolyne\.m2\repository\org\springframework\boot\spring-boot-starter-jdbc\2.4.9\spring-boot-starter-jdbc-2.4.9.jar;C:\Users\AnaKarolyne\.m2\repository\com\zaxxer\HikariCP\3.4.5\HikariCP-3.4.5.jar;C:\Users\AnaKarolyne\.m2\repository\org\springframework\spring-jdbc\5.3.9\spring-jdbc-5.3.9.jar;C:\Users\AnaKarolyne\.m2\repository\jakarta\transaction\jakarta.transaction-api\1.3.3\jakarta.transaction-api-1.3.3.jar;C:\Users\AnaKarolyne\.m2\repository\jakarta\persistence\jakarta.persistence-api\2.2.3\jakarta.persistence-api-2.2.3.jar;C:\Users\AnaKarolyne\.m2\repository\org\hibernate\hibernate-core\5.4.32.Final\hibernate-core-5.4.32.Final.jar;C:\Users\AnaKarolyne\.m2\repository\org\jboss\logging\jboss-logging\3.4.2.Final\jboss-logging-3.4.2.Final.jar;C:\Users\AnaKarolyne\.m2\repository\org\javassist\javassist\3.27.0-GA\javassist-3.27.0-GA.jar;C:\Users\AnaKarolyne\.m2\repository\net\bytebuddy\byte-buddy\1.10.22\byte-buddy-1.10.22.jar;C:\Users\AnaKarolyne\.m2\repository\antlr\antlr\2.7.7\antlr-2.7.7.jar;C:\Users\AnaKarolyne\.m2\repository\org\jboss\jandex\2.2.3.Final\jandex-2.2.3.Final.jar;C:\Users\AnaKarolyne\.m2\repository\com\fasterxml\classmate\1.5.1\classmate-1.5.1.jar;C:\Users\AnaKarolyne\.m2\repository\org\dom4j\dom4j\2.1.3\dom4j-2.1.3.jar;C:\Users\AnaKarolyne\.m2\repository\org\hibernate\common\hibernate-commons-annotations\5.1.2.Final\hibernate-commons-annotations-5.1.2.Final.jar;C:\Users\AnaKarolyne\.m2\repository\org\glassfish\jaxb\jaxb-runtime\2.3.4\jaxb-runtime-2.3.4.jar;C:\Users\AnaKarolyne\.m2\rep
Launcher Type: SUN_STANDARD

Environment Variables:
JAVA_HOME=C:\Program Files\Java\jdk1.8.0_144
PATH=C:/Program Files/Java/jre1.8.0_251/bin/server;C:/Program Files/Java/jre1.8.0_251/bin;C:/Program Files/Java/jre1.8.0_251/lib/amd64;C:\Python39\Scripts\;C:\Python39\;C:\Program Files (x86)\Common Files\Oracle\Java\javapath;C:\Program Files\Java\zulu11.45.27-ca-jdk11.0.10-win_x64\bin;C:\WINDOWS\system32;C:\WINDOWS;C:\WINDOWS\System32\Wbem;C:\WINDOWS\System32\WindowsPowerShell\v1.0\;C:\WINDOWS\System32\OpenSSH\;C:\Program Files\Git\cmd;C:\Program Files\nodejs\;C:\ProgramData\chocolatey\bin;C:\Program Files\MongoDB\Server\4.4\bin;C:\Program Files\MySQL\MySQL Shell 8.0\bin\;C:\Users\AnaKarolyne\AppData\Local\Microsoft\WindowsApps;;C:\Users\AnaKarolyne\AppData\Local\Programs\Microsoft VS Code\bin;C:\Program Files\heroku\bin;C:\Users\AnaKarolyne\AppData\Roaming\npm;C:\Users\AnaKarolyne\Documents\eclipse_neon;
USERNAME=AnaKarolyne
OS=Windows_NT
PROCESSOR_IDENTIFIER=Intel64 Family 6 Model 58 Stepping 9, GenuineIntel



---------------  S Y S T E M  ---------------

OS: Windows 10.0 , 64 bit Build 19041 (10.0.19041.1348)

CPU:total 4 (initial active 4) (2 cores per cpu, 2 threads per core) family 6 model 58 stepping 9, cmov, cx8, fxsr, mmx, sse, sse2, sse3, ssse3, sse4.1, sse4.2, popcnt, avx, aes, clmul, erms, ht, tsc, tscinvbit, tscinv

Memory: 4k page, physical 8283228k(423092k free), swap 12379228k(1484k free)

vm_info: Java HotSpot(TM) 64-Bit Server VM (25.251-b08) for windows-amd64 JRE (1.8.0_251-b08), built on Mar 12 2020 06:31:49 by "" with MS VC++ 10.0 (VS2010)

time: Thu Jan 13 23:02:58 2022
timezone: Hora oficial do Brasil
elapsed time: 37 seconds (0d 0h 0m 37s)

